Running "cssmin:target" (cssmin) task
>> 1 file created. 89.3 kB → 76.75 kB

Done.
Running "cssmin:target" (cssmin) task
>> 1 file created. 89.3 kB → 76.75 kB

Done.
Running "cssmin:target" (cssmin) task
>> 1 file created. 89.3 kB → 76.75 kB

Done.
Running "cssmin:target" (cssmin) task
>> 1 file created. 89.31 kB → 76.73 kB

Done.
Running "cssmin:target" (cssmin) task
>> 1 file created. 89.31 kB → 76.73 kB

Done.
Running "cssmin:target" (cssmin) task
>> 1 file created. 89.31 kB → 76.73 kB

Done.
Running "cssmin:target" (cssmin) task
>> 1 file created. 89.31 kB → 76.73 kB

Done.
Running "cssmin:target" (cssmin) task
>> 1 file created. 89.31 kB → 76.73 kB

Done.
Running "cssmin:target" (cssmin) task
>> 1 file created. 146.23 kB → 122.69 kB

Done.
Running "cssmin:target" (cssmin) task
>> 1 file created. 146.23 kB → 122.69 kB

Done.
Running "cssmin:target" (cssmin) task
>> 1 file created. 146.23 kB → 122.69 kB

Done.
Running "cssmin:target" (cssmin) task
>> 1 file created. 146.23 kB → 122.69 kB

Done.
Running "cssmin:target" (cssmin) task
>> 1 file created. 146.23 kB → 122.69 kB

Done.
Running "cssmin:target" (cssmin) task
>> 1 file created. 146.23 kB → 122.69 kB

Done.
Running "cssmin:target" (cssmin) task
>> 1 file created. 146.22 kB → 122.68 kB

Done.
Running "cssmin:target" (cssmin) task
>> 1 file created. 146.22 kB → 122.68 kB

Done.
Running "cssmin:target" (cssmin) task
>> 1 file created. 146.22 kB → 122.68 kB

Done.
Running "cssmin:target" (cssmin) task
>> 1 file created. 146.22 kB → 122.68 kB

Done.
Running "cssmin:target" (cssmin) task
>> 1 file created. 146.22 kB → 122.68 kB

Done.
Running "cssmin:target" (cssmin) task
>> 1 file created. 146.22 kB → 122.68 kB

Done.
Running "cssmin:target" (cssmin) task
>> 1 file created. 146.22 kB → 122.68 kB

Done.
Running "cssmin:target" (cssmin) task
>> 1 file created. 146.22 kB → 122.68 kB

Done.
Running "cssmin:target" (cssmin) task
>> 1 file created. 146.22 kB → 122.68 kB

Done.
Running "cssmin:target" (cssmin) task
>> 1 file created. 146.22 kB → 122.68 kB

Done.
Running "cssmin:target" (cssmin) task
>> 1 file created. 146.22 kB → 122.68 kB

Done.
Running "cssmin:target" (cssmin) task
>> 1 file created. 146.22 kB → 122.68 kB

Done.
Running "cssmin:target" (cssmin) task
>> 1 file created. 146.22 kB → 122.68 kB

Done.
Running "cssmin:target" (cssmin) task
>> 1 file created. 146.22 kB → 122.68 kB

Done.
Running "cssmin:target" (cssmin) task
>> 1 file created. 146.22 kB → 122.68 kB

Done.
Running "cssmin:target" (cssmin) task
>> 1 file created. 146.22 kB → 122.68 kB

Done.
Running "cssmin:target" (cssmin) task
>> 1 file created. 146.22 kB → 122.68 kB

Done.
Running "cssmin:target" (cssmin) task
>> 1 file created. 146.22 kB → 122.68 kB

Done.
Running "cssmin:target" (cssmin) task
>> 1 file created. 146.22 kB → 122.68 kB

Done.
Running "cssmin:target" (cssmin) task
>> 1 file created. 146.22 kB → 122.68 kB

Done.
Running "cssmin:target" (cssmin) task
>> 1 file created. 146.22 kB → 122.68 kB

Done.
Running "cssmin:target" (cssmin) task
>> 1 file created. 146.22 kB → 122.68 kB

Done.
Running "cssmin:target" (cssmin) task
>> 1 file created. 146.22 kB → 122.68 kB

Done.
Running "cssmin:target" (cssmin) task
>> 1 file created. 146.22 kB → 122.68 kB

Done.
Running "cssmin:target" (cssmin) task
>> 1 file created. 146.22 kB → 122.68 kB

Done.
Running "cssmin:target" (cssmin) task
>> 1 file created. 146.22 kB → 122.68 kB

Done.
Running "cssmin:target" (cssmin) task
>> 1 file created. 146.22 kB → 122.68 kB

Done.
Running "cssmin:target" (cssmin) task
>> 1 file created. 146.22 kB → 122.68 kB

Done.
Running "cssmin:target" (cssmin) task
>> 1 file created. 146.22 kB → 122.68 kB

Done.
Running "cssmin:target" (cssmin) task
>> 1 file created. 146.22 kB → 122.68 kB

Done.
Running "cssmin:target" (cssmin) task
>> 1 file created. 146.22 kB → 122.68 kB

Done.
Running "cssmin:target" (cssmin) task
>> 1 file created. 146.22 kB → 122.68 kB

Done.
Running "cssmin:target" (cssmin) task
>> 1 file created. 146.22 kB → 122.68 kB

Done.
Running "cssmin:target" (cssmin) task
>> 1 file created. 146.22 kB → 122.68 kB

Done.
Running "cssmin:target" (cssmin) task
>> 1 file created. 146.22 kB → 122.68 kB

Done.
Running "cssmin:target" (cssmin) task
>> 1 file created. 146.22 kB → 122.68 kB

Done.
Running "cssmin:target" (cssmin) task
>> 1 file created. 146.22 kB → 122.68 kB

Done.
Running "cssmin:target" (cssmin) task
>> 1 file created. 146.22 kB → 122.68 kB

Done.
Running "cssmin:target" (cssmin) task
>> 1 file created. 146.22 kB → 122.68 kB

Done.
Running "cssmin:target" (cssmin) task
>> 1 file created. 146.22 kB → 122.68 kB

Done.
Running "cssmin:target" (cssmin) task
>> 1 file created. 146.22 kB → 122.68 kB

Done.
Running "cssmin:target" (cssmin) task
>> 1 file created. 146.22 kB → 122.68 kB

Done.
Running "cssmin:target" (cssmin) task
>> 1 file created. 146.22 kB → 122.68 kB

Done.
Running "cssmin:target" (cssmin) task
>> 1 file created. 146.22 kB → 122.68 kB

Done.
Running "cssmin:target" (cssmin) task
>> 1 file created. 146.22 kB → 122.68 kB

Done.
Running "cssmin:target" (cssmin) task
>> 1 file created. 146.22 kB → 122.68 kB

Done.
Running "cssmin:target" (cssmin) task
>> 1 file created. 146.22 kB → 122.68 kB

Done.
Running "cssmin:target" (cssmin) task
>> 1 file created. 146.22 kB → 122.68 kB

Done.
Running "cssmin:target" (cssmin) task
>> 1 file created. 146.22 kB → 122.68 kB

Done.
Running "cssmin:target" (cssmin) task
>> 1 file created. 146.22 kB → 122.68 kB

Done.
Running "cssmin:target" (cssmin) task
>> 1 file created. 146.22 kB → 122.68 kB

Done.
Running "cssmin:target" (cssmin) task
>> 1 file created. 146.22 kB → 122.68 kB

Done.
Running "cssmin:target" (cssmin) task
>> 1 file created. 146.22 kB → 122.68 kB

Done.
Running "cssmin:target" (cssmin) task
>> 1 file created. 146.22 kB → 122.68 kB

Done.
Running "cssmin:target" (cssmin) task
>> 1 file created. 146.22 kB → 122.68 kB

Done.
Running "cssmin:target" (cssmin) task
>> 1 file created. 146.22 kB → 122.68 kB

Done.
Running "cssmin:target" (cssmin) task
>> 1 file created. 146.22 kB → 122.68 kB

Done.
Running "cssmin:target" (cssmin) task
>> 1 file created. 146.22 kB → 122.68 kB

Done.
Running "cssmin:target" (cssmin) task
>> 1 file created. 146.22 kB → 122.68 kB

Done.
Running "cssmin:target" (cssmin) task
>> 1 file created. 146.3 kB → 122.75 kB

Done.
Running "cssmin:target" (cssmin) task
>> 1 file created. 146.3 kB → 122.75 kB

Done.
Running "cssmin:target" (cssmin) task
>> 1 file created. 146.3 kB → 122.75 kB

Done.
Running "cssmin:target" (cssmin) task
>> 1 file created. 146.3 kB → 122.75 kB

Done.
Running "cssmin:target" (cssmin) task
>> 1 file created. 146.3 kB → 122.75 kB

Done.
Running "cssmin:target" (cssmin) task
>> 1 file created. 146.3 kB → 122.75 kB

Done.
Running "cssmin:target" (cssmin) task
>> 1 file created. 146.3 kB → 122.75 kB

Done.
Running "cssmin:target" (cssmin) task
>> 1 file created. 146.3 kB → 122.75 kB

Done.
Warning: Task "default" not found. Use --force to continue.

Aborted due to warnings.
Running "cssmin:target" (cssmin) task
>> 1 file created. 146.3 kB → 122.75 kB

Done.
Running "cssmin:target" (cssmin) task
>> 1 file created. 146.3 kB → 122.75 kB

Done.
Running "cssmin:target" (cssmin) task
>> 1 file created. 146.3 kB → 122.75 kB

Done.
Running "cssmin:target" (cssmin) task
>> 1 file created. 146.3 kB → 122.75 kB

Done.
Running "cssmin:target" (cssmin) task
>> 1 file created. 146.3 kB → 122.75 kB

Done.
Running "cssmin:target" (cssmin) task
>> 1 file created. 146.3 kB → 122.75 kB

Done.
Running "cssmin:target" (cssmin) task
>> 1 file created. 146.3 kB → 122.75 kB

Done.
Running "cssmin:target" (cssmin) task
>> 1 file created. 146.3 kB → 122.75 kB

Done.
Running "cssmin:target" (cssmin) task
>> 1 file created. 146.3 kB → 122.75 kB

Done.
Running "cssmin:target" (cssmin) task
>> 1 file created. 146.3 kB → 122.75 kB

Done.
Running "cssmin:target" (cssmin) task
>> 1 file created. 146.3 kB → 122.75 kB

Done.
Running "cssmin:target" (cssmin) task
>> 1 file created. 146.3 kB → 122.75 kB

Done.
Running "cssmin:target" (cssmin) task
>> 1 file created. 146.3 kB → 122.75 kB

Done.
Running "cssmin:target" (cssmin) task
>> 1 file created. 146.3 kB → 122.75 kB

Done.
Running "cssmin:target" (cssmin) task
>> 1 file created. 146.3 kB → 122.75 kB

Done.
Running "cssmin:target" (cssmin) task
>> 1 file created. 146.3 kB → 122.75 kB

Done.
[4mRunning "cssmin:target" (cssmin) task[24m
[32m>> [39m1 file created. 146.3 kB → 124.18 kB

[32mDone, without errors.[39m
Running "cssmin:target" (cssmin) task
>> 1 file created. 146.3 kB → 122.75 kB

Done.
Running "cssmin:target" (cssmin) task
>> 1 file created. 146.3 kB → 122.75 kB

Done.
Running "cssmin:target" (cssmin) task
>> 1 file created. 150.37 kB → 122.77 kB

Done.
'grunt' is not recognized as an internal or external command,
operable program or batch file.
Running "cssmin:target" (cssmin) task
>> 1 file created. 150.37 kB → 122.77 kB

Done.
'grunt' is not recognized as an internal or external command,
operable program or batch file.
'grunt' is not recognized as an internal or external command,
operable program or batch file.
'grunt' is not recognized as an internal or external command,
operable program or batch file.
'grunt' is not recognized as an internal or external command,
operable program or batch file.
'grunt' is not recognized as an internal or external command,
operable program or batch file.
Running "cssmin:target" (cssmin) task
>> 1 file created. 150.37 kB → 122.77 kB

Done.
Running "cssmin:target" (cssmin) task
>> 1 file created. 150.37 kB → 122.77 kB

Done.
Running "cssmin:target" (cssmin) task
>> 1 file created. 150.37 kB → 122.77 kB

Done.
Running "cssmin:target" (cssmin) task
>> 1 file created. 150.37 kB → 122.77 kB

Done.
Running "cssmin:target" (cssmin) task
>> 1 file created. 150.37 kB → 122.77 kB

Done.
'grunt' is not recognized as an internal or external command,
operable program or batch file.
'grunt' is not recognized as an internal or external command,
operable program or batch file.
Running "cssmin:target" (cssmin) task
>> 1 file created. 150.37 kB → 122.77 kB

Done.
Running "cssmin:target" (cssmin) task
>> 1 file created. 150.37 kB → 122.77 kB

Done.
Running "cssmin:target" (cssmin) task
>> 1 file created. 150.37 kB → 122.77 kB

Done.
Running "cssmin:target" (cssmin) task
>> 1 file created. 150.37 kB → 122.77 kB

Done.
'grunt' is not recognized as an internal or external command,
operable program or batch file.
Running "cssmin:target" (cssmin) task
>> 1 file created. 150.37 kB → 122.77 kB

Done.
'grunt' is not recognized as an internal or external command,
operable program or batch file.
Running "cssmin:target" (cssmin) task
>> 1 file created. 150.37 kB → 122.77 kB

Done.
Running "cssmin:target" (cssmin) task
>> 1 file created. 150.37 kB → 122.77 kB

Done.
Running "cssmin:target" (cssmin) task
>> 1 file created. 150.37 kB → 122.77 kB

Done.
'grunt' is not recognized as an internal or external command,
operable program or batch file.
'grunt' is not recognized as an internal or external command,
operable program or batch file.
